[2018-03-12 16:42:53] Start:DirectoryBasedAnalysisTask
GenericConfig 8.2.0 (build 8717#45192 Win64) - (C) 2001-2016 FrontEndART Ltd.
INFO  org.jan.Main - JAN (build 8717#45192) - (C) 2001-2016 FrontEndART Ltd.
INFO  org.jan.OptionParser - JAN options:
INFO  org.jan.OptionParser -   columbusResultDir=.columbus_java
INFO  org.jan.OptionParser -   hardFilter=
INFO  org.jan.OptionParser -   messageLevel=3
INFO  org.jan.OptionParser -   xmlToEveryClass=0
INFO  org.jan.OptionParser -   needCheck=0
INFO  org.jan.OptionParser -   keepComments=1
INFO  org.jan.OptionParser -   buildAllExternal=0
INFO  org.jan.OptionParser -   buildExtFromSource=1
INFO  org.jan.OptionParser -   buildAllParentForOverrides=1
INFO  org.jan.OptionParser - Switch the log level to 3.
INFO  org.jan.JDKTreeMaker - Javac options:
INFO  org.jan.JDKTreeMaker -   -bootclasspath
INFO  org.jan.JDKTreeMaker -   c:\Program Files\Java\jdk1.8.0_31\jre\lib\resources.jar;c:\Program Files\Java\jdk1.8.0_31\jre\lib\rt.jar;c:\Program Files\Java\jdk1.8.0_31\jre\lib\sunrsasign.jar;c:\Program Files\Java\jdk1.8.0_31\jre\lib\jsse.jar;c:\Program Files\Java\jdk1.8.0_31\jre\lib\jce.jar;c:\Program Files\Java\jdk1.8.0_31\jre\lib\charsets.jar;c:\Program Files\Java\jdk1.8.0_31\jre\lib\jfr.jar;c:\Program Files\Java\jdk1.8.0_31\jre\classes
INFO  org.jan.JDKTreeMaker -   -cp
INFO  org.jan.JDKTreeMaker -   D:\Users\epengo\Documents\ovrt\SourceMeter-8.2.0-x64-windows\Java\WindowsWrapper\WrapperBins\Tools\vulnerability.jar;D:\Users\epengo\Documents\ovrt\SourceMeter-8.2.0-x64-windows\Java\WindowsWrapper\WrapperBins\Tools\android.jar
INFO  org.jan.Main - Rebuild trees.
INFO  org.jan.TreeBuilder - Source file: d:\Users\epengo\Documents\ovrt\Java_samples_outer2\analdir\CallEdgeExamples.java
INFO  org.jan.Main - Build comments.
INFO  org.jan.Main - Create external classes.
INFO  org.jan.ExternalClassBuilder - First round in external class builder
INFO  org.jan.ExternalClassBuilder - Building external type declaration: java.lang.System
INFO  org.jan.ExternalClassBuilder - Building external type declaration: java.lang.String
INFO  org.jan.ExternalClassBuilder - Building external type declaration: java.lang.String.CaseInsensitiveComparator
INFO  org.jan.ExternalClassBuilder - Building external type declaration: java.lang.Object
INFO  org.jan.ExternalClassBuilder - Building external type declaration: java.lang.Class
INFO  org.jan.ExternalClassBuilder - Building external type declaration: java.lang.Class.AnnotationData
INFO  org.jan.ExternalClassBuilder - Building external type declaration: java.lang.Class.Atomic
INFO  org.jan.ExternalClassBuilder - Building external type declaration: java.lang.Class.EnclosingMethodInfo
INFO  org.jan.ExternalClassBuilder - Building external type declaration: java.lang.Class.MethodArray
INFO  org.jan.ExternalClassBuilder - Building external type declaration: java.lang.Class.ReflectionData
INFO  org.jan.ExternalClassBuilder - Building external type declaration: java.lang.Integer
INFO  org.jan.ExternalClassBuilder - Building external type declaration: java.lang.Integer.IntegerCache
INFO  org.jan.ExternalClassBuilder - Building external type declaration: java.io.PrintStream
INFO  org.jan.ExternalClassBuilder - Next round in external class builder
INFO  org.jan.ExternalClassBuilder - Building external type declaration: java.io.InputStream
INFO  org.jan.ExternalClassBuilder - Building external type declaration: java.lang.SecurityManager
INFO  org.jan.ExternalClassBuilder - Building external type declaration: java.io.Console
INFO  org.jan.ExternalClassBuilder - Building external type declaration: java.util.Properties
INFO  org.jan.ExternalClassBuilder - Building external type declaration: java.io.IOException
INFO  org.jan.ExternalClassBuilder - Building external type declaration: java.nio.channels.Channel
INFO  org.jan.ExternalClassBuilder - Building external type declaration: java.util.Map
INFO  org.jan.ExternalClassBuilder - Building external type declaration: java.lang.Deprecated
INFO  org.jan.ExternalClassBuilder - Building external type declaration: sun.reflect.CallerSensitive
INFO  org.jan.ExternalClassBuilder - Building external type declaration: java.io.FileOutputStream
INFO  org.jan.ExternalClassBuilder - Building external type declaration: java.io.Serializable
INFO  org.jan.ExternalClassBuilder - Building external type declaration: java.lang.Comparable
INFO  org.jan.ExternalClassBuilder - Building external type declaration: java.lang.CharSequence
INFO  org.jan.ExternalClassBuilder - Building external type declaration: java.util.Comparator
INFO  org.jan.ExternalClassBuilder - Building external type declaration: java.io.ObjectStreamField
INFO  org.jan.ExternalClassBuilder - Building external type declaration: java.io.UnsupportedEncodingException
INFO  org.jan.ExternalClassBuilder - Building external type declaration: java.nio.charset.Charset
INFO  org.jan.ExternalClassBuilder - Building external type declaration: java.lang.StringBuffer
INFO  org.jan.ExternalClassBuilder - Building external type declaration: java.lang.StringBuilder
INFO  org.jan.ExternalClassBuilder - Building external type declaration: java.lang.AbstractStringBuilder
INFO  org.jan.ExternalClassBuilder - Building external type declaration: java.lang.Iterable
INFO  org.jan.ExternalClassBuilder - Building external type declaration: java.util.Locale
INFO  org.jan.ExternalClassBuilder - Building external type declaration: java.lang.CloneNotSupportedException
INFO  org.jan.ExternalClassBuilder - Building external type declaration: java.lang.InterruptedException
INFO  org.jan.ExternalClassBuilder - Building external type declaration: java.lang.Throwable
INFO  org.jan.ExternalClassBuilder - Building external type declaration: java.lang.reflect.GenericDeclaration
INFO  org.jan.ExternalClassBuilder - Building external type declaration: java.lang.reflect.Type
INFO  org.jan.ExternalClassBuilder - Building external type declaration: java.lang.reflect.AnnotatedElement
INFO  org.jan.ExternalClassBuilder - Building external type declaration: java.lang.annotation.Annotation
INFO  org.jan.ExternalClassBuilder - Building external type declaration: sun.misc.Unsafe
INFO  org.jan.ExternalClassBuilder - Building external type declaration: java.lang.reflect.Field
INFO  org.jan.ExternalClassBuilder - Building external type declaration: java.lang.ref.SoftReference
INFO  org.jan.ExternalClassBuilder - Building external type declaration: sun.reflect.annotation.AnnotationType
INFO  org.jan.ExternalClassBuilder - Building external type declaration: java.lang.reflect.Method
INFO  org.jan.ExternalClassBuilder - Building external type declaration: java.lang.reflect.Constructor
INFO  org.jan.ExternalClassBuilder - Building external type declaration: java.security.ProtectionDomain
INFO  org.jan.ExternalClassBuilder - Building external type declaration: sun.reflect.generics.repository.ClassRepository
INFO  org.jan.ExternalClassBuilder - Building external type declaration: sun.reflect.ReflectionFactory
INFO  org.jan.ExternalClassBuilder - Building external type declaration: java.lang.ClassValue.ClassValueMap
INFO  org.jan.ExternalClassBuilder - Building external type declaration: java.lang.ClassValue
INFO  org.jan.ExternalClassBuilder - Building external type declaration: java.lang.ClassNotFoundException
INFO  org.jan.ExternalClassBuilder - Building external type declaration: java.lang.ClassLoader
INFO  org.jan.ExternalClassBuilder - Building external type declaration: java.lang.InstantiationException
INFO  org.jan.ExternalClassBuilder - Building external type declaration: java.lang.IllegalAccessException
INFO  org.jan.ExternalClassBuilder - Building external type declaration: java.lang.reflect.TypeVariable
INFO  org.jan.ExternalClassBuilder - Building external type declaration: java.lang.Package
INFO  org.jan.ExternalClassBuilder - Building external type declaration: java.lang.SecurityException
INFO  org.jan.ExternalClassBuilder - Building external type declaration: java.lang.NoSuchFieldException
INFO  org.jan.ExternalClassBuilder - Building external type declaration: java.lang.NoSuchMethodException
INFO  org.jan.ExternalClassBuilder - Building external type declaration: java.net.URL
INFO  org.jan.ExternalClassBuilder - Building external type declaration: sun.reflect.generics.factory.GenericsFactory
INFO  org.jan.ExternalClassBuilder - Building external type declaration: java.lang.reflect.Executable
INFO  org.jan.ExternalClassBuilder - Building external type declaration: sun.reflect.ConstantPool
INFO  org.jan.ExternalClassBuilder - Building external type declaration: java.util.Set
INFO  org.jan.ExternalClassBuilder - Building external type declaration: java.util.Collection
INFO  org.jan.ExternalClassBuilder - Building external type declaration: java.lang.reflect.AnnotatedType
INFO  org.jan.ExternalClassBuilder - Building external type declaration: java.lang.Number
INFO  org.jan.ExternalClassBuilder - Building external type declaration: java.lang.NumberFormatException
INFO  org.jan.ExternalClassBuilder - Building external type declaration: java.io.FilterOutputStream
INFO  org.jan.ExternalClassBuilder - Building external type declaration: java.lang.Appendable
INFO  org.jan.ExternalClassBuilder - Building external type declaration: java.io.Closeable
INFO  org.jan.ExternalClassBuilder - Building external type declaration: java.util.Formatter
INFO  org.jan.ExternalClassBuilder - Building external type declaration: java.io.BufferedWriter
INFO  org.jan.ExternalClassBuilder - Building external type declaration: java.io.OutputStreamWriter
INFO  org.jan.ExternalClassBuilder - Building external type declaration: java.io.OutputStream
INFO  org.jan.ExternalClassBuilder - Building external type declaration: java.io.FileNotFoundException
INFO  org.jan.ExternalClassBuilder - Building external type declaration: java.io.File
INFO  org.jan.ExternalClassBuilder - Next round in external class builder
INFO  org.jan.ExternalClassBuilder - Building external type declaration: java.io.Flushable
INFO  org.jan.ExternalClassBuilder - Building external type declaration: java.util.Hashtable
INFO  org.jan.ExternalClassBuilder - Building external type declaration: java.lang.Exception
INFO  org.jan.ExternalClassBuilder - Building external type declaration: java.lang.annotation.Documented
INFO  org.jan.ExternalClassBuilder - Building external type declaration: java.lang.annotation.Retention
INFO  org.jan.ExternalClassBuilder - Building external type declaration: java.lang.annotation.RetentionPolicy
INFO  org.jan.ExternalClassBuilder - Building external type declaration: java.lang.annotation.Target
INFO  org.jan.ExternalClassBuilder - Building external type declaration: java.lang.annotation.ElementType
INFO  org.jan.ExternalClassBuilder - Building external type declaration: java.util.stream.IntStream
INFO  org.jan.ExternalClassBuilder - Building external type declaration: java.util.function.Function
INFO  org.jan.ExternalClassBuilder - Building external type declaration: java.util.function.ToIntFunction
INFO  org.jan.ExternalClassBuilder - Building external type declaration: java.util.function.ToLongFunction
INFO  org.jan.ExternalClassBuilder - Building external type declaration: java.util.function.ToDoubleFunction
INFO  org.jan.ExternalClassBuilder - Building external type declaration: java.lang.FunctionalInterface
INFO  org.jan.ExternalClassBuilder - Building external type declaration: java.lang.Cloneable
INFO  org.jan.ExternalClassBuilder - Building external type declaration: java.lang.reflect.AccessibleObject
INFO  org.jan.ExternalClassBuilder - Building external type declaration: java.lang.reflect.Member
INFO  org.jan.ExternalClassBuilder - Building external type declaration: java.lang.ref.Reference
INFO  org.jan.ExternalClassBuilder - Building external type declaration: sun.reflect.generics.tree.ClassSignature
INFO  org.jan.ExternalClassBuilder - Building external type declaration: sun.reflect.generics.repository.GenericDeclRepository
INFO  org.jan.ExternalClassBuilder - Building external type declaration: java.lang.ClassValue.Identity
INFO  org.jan.ExternalClassBuilder - Building external type declaration: java.lang.ClassValue.Entry
INFO  org.jan.ExternalClassBuilder - Building external type declaration: java.util.WeakHashMap
INFO  org.jan.ExternalClassBuilder - Building external type declaration: java.lang.ReflectiveOperationException
INFO  org.jan.ExternalClassBuilder - Building external type declaration: java.lang.RuntimeException
INFO  org.jan.ExternalClassBuilder - Building external type declaration: java.lang.IllegalArgumentException
INFO  org.jan.ExternalClassBuilder - Building external type declaration: java.lang.AutoCloseable
INFO  org.jan.ExternalClassBuilder - Building external type declaration: java.io.Writer
INFO  org.jan.ExternalClassBuilder - Next round in external class builder
INFO  org.jan.ExternalClassBuilder - Building external type declaration: java.util.Dictionary
INFO  org.jan.ExternalClassBuilder - Fill external type declaration: java.lang.annotation.Annotation
INFO  org.jan.ExternalClassBuilder - Building external type declaration: java.lang.Enum
INFO  org.jan.ExternalClassBuilder - Building external type declaration: java.util.stream.BaseStream
INFO  org.jan.ExternalClassBuilder - Building external type declaration: sun.reflect.generics.tree.Signature
INFO  org.jan.ExternalClassBuilder - Building external type declaration: sun.reflect.generics.repository.AbstractRepository
INFO  org.jan.ExternalClassBuilder - Building external type declaration: java.lang.ClassValue.Version
INFO  org.jan.ExternalClassBuilder - Building external type declaration: java.lang.ref.WeakReference
INFO  org.jan.ExternalClassBuilder - Building external type declaration: java.util.AbstractMap
INFO  org.jan.ExternalClassBuilder - Next round in external class builder
INFO  org.jan.ExternalClassBuilder - Building external type declaration: java.io.ObjectInputStream
INFO  org.jan.ExternalClassBuilder - Building external type declaration: java.io.ObjectStreamException
INFO  org.jan.ExternalClassBuilder - Building external type declaration: sun.reflect.generics.tree.Tree
INFO  org.jan.ExternalClassBuilder - Next round in external class builder
INFO  org.jan.ExternalClassBuilder - Building external type declaration: java.io.ObjectInput
INFO  org.jan.ExternalClassBuilder - Building external type declaration: java.io.ObjectStreamConstants
INFO  org.jan.ExternalClassBuilder - Next round in external class builder
INFO  org.jan.ExternalClassBuilder - Building external type declaration: java.io.DataInput
INFO  org.jan.Main - Set crossedges.
INFO  org.jan.Main - Build types.
INFO  org.jan.Main - Filter.
INFO  org.jan.Main - Save jsi.
INFO  org.jan.ClassSaver - Saved file timestamp: 1520869375302
INFO  org.jan.Main - CPU times (s):
INFO  org.jan.Main -   Total time: 1.575
INFO  org.jan.Main -   JDK compile time: 0.826
INFO  org.jan.Main -   Tree rebuilding time: 0.14
INFO  org.jan.Main -   Comment building time: 0.046
INFO  org.jan.Main -   External class building time: 0.156
INFO  org.jan.Main -   Crossedge setting time: 0.046
INFO  org.jan.Main -   Type building time: 0.031
INFO  org.jan.Main -   ASG checking time: 0.0
INFO  org.jan.Main -   Filter generating time: 0.015
INFO  org.jan.Main -   Common jsi saving time: 0.078
INFO  org.jan.Main -   Common jml saving time: 0.0
INFO  org.jan.Main -   Small jsi saving time: 0.0
INFO  org.jan.Main - User times (s):
INFO  org.jan.Main -   Total time: 1.435
INFO  org.jan.Main -   JDK compile time: 0.748
INFO  org.jan.Main -   Tree rebuilding time: 0.14
INFO  org.jan.Main -   Comment building time: 0.046
INFO  org.jan.Main -   External class building time: 0.14
INFO  org.jan.Main -   Crossedge setting time: 0.046
INFO  org.jan.Main -   Type building time: 0.031
INFO  org.jan.Main -   ASG checking time: 0.0
INFO  org.jan.Main -   Filter generating time: 0.015
INFO  org.jan.Main -   Common jsi saving time: 0.062
INFO  org.jan.Main -   Common jml saving time: 0.0
INFO  org.jan.Main -   Small jsi saving time: 0.0
INFO  org.jan.Main - Memory statistics:
INFO  org.jan.Main -   Max total memory: 552 MB
INFO  org.jan.Main -   Max used memory: 80 MB
INFO  org.jan.Main - Other statistics:
INFO  org.jan.Main -   Analyzed files: 1
INFO  org.jan.Main -   Warnings: 0
INFO  org.jan.Main -   Errors: 0
[2018-03-12 16:42:55] End:DirectoryBasedAnalysisTask Result:OK
